<?xml version="1.0" encoding="UTF-8"?>
<!-- Generated by org.testng.reporters.JUnitXMLReporter -->
<testsuite ignored="0" hostname="DESKTOP-33PO4PG" failures="0" tests="4" name="Test" time="63.717" errors="0" timestamp="2023-10-19T19:08:44 MDT">
  <testcase classname="tests.LoginTestDemo" name="loginTest" time="2.941"/>
  <testcase classname="tests.LoginTestDemo" name="loginTest" time="12.758"/>
  <testcase classname="tests.Twotest" name="testTwo" time="11.56"/>
  <testcase classname="tests.Threetest" name="testThree" time="10.382"/>
</testsuite> <!-- Test -->
