<?xml version="1.0" encoding="UTF-8"?>
<!-- Generated by org.testng.reporters.JUnitXMLReporter -->
<testsuite ignored="0" hostname="DESKTOP-33PO4PG" failures="0" tests="4" name="Test" time="35.868" errors="0" timestamp="2023-10-19T00:51:22 MDT">
  <testcase classname="tests.LoginTestDemo" name="loginTest" time="2.18"/>
  <testcase classname="tests.LoginTestDemo" name="loginTest" time="11.524"/>
  <testcase classname="tests.Twotest" name="testTwo" time="0.001"/>
  <testcase classname="tests.Threetest" name="testThree" time="0.003"/>
</testsuite> <!-- Test -->
